======================================
분석 결과 (2025-11-21)
======================================

■ 시스템별 건수
FAB: 0건
INFRA: 1건
SPMS: 1건
BATCH: 1건


■ 소스 분류 결과
20251121 운영반영

[GEMS]
HOTFIX: 개선 및 오류 수정

[SPMS]
N/A: 불용매각 공시

[BATCH]
MECMIEMS-99: 개선

■ 소스 목록
classes/com/springapp/mvc/controller/TestController.class
classes/com/springapp/mvc/controller/TestController.class
classes/com/springapp/mvc/controller/TestController1.class
classes/webapp/WEB-INF/pages/hello.jsp
classes/webapp/WEB-INF/mvc-dispatcher-servlet.xml
classes/webapp/WEB-INF/conf/mybatis-config.xml
classes/com/springapp/mvc/service/impl/UserService.class
classes/com/springapp/mvc/service/IUserService.class
classes/com/springapp/mvc/model/User.class
classes/com/springapp/mvc/mapper/UserMapper.class
classes/com/springapp/mvc/controller/UserController.class
classes/com/springapp/mvc/controller/TestController.class
classes/webapp/WEB-INF/web.xml
classes/rebel.xml
classes/webapp/WEB-INF/pages/hello.jsp
